{"C:\\Users\\Ares\\Desktop\\Projektarbeit\\blockevent\\nextjs-blog\\backend\\endpoints\\events\\eventModel.js": {"path":"C:\\Users\\Ares\\Desktop\\Projektarbeit\\blockevent\\nextjs-blog\\backend\\endpoints\\events\\eventModel.js","statementMap":{"0":{"start":{"line":1,"column":37},"end":{"line":1,"column":null}},"1":{"start":{"line":2,"column":0},"end":{"line":2,"column":null}},"2":{"start":{"line":3,"column":0},"end":{"line":3,"column":null}},"3":{"start":{"line":4,"column":34},"end":{"line":4,"column":null}},"4":{"start":{"line":6,"column":20},"end":{"line":18,"column":null}},"5":{"start":{"line":21,"column":14},"end":{"line":21,"column":null}},"6":{"start":{"line":22,"column":0},"end":{"line":22,"column":null}}},"fnMap":{},"branchMap":{"0":{"loc":{"start":{"line":21,"column":14},"end":{"line":21,"column":null}},"type":"binary-expr","locations":[{"start":{"line":21,"column":14},"end":{"line":21,"column":30}},{"start":{"line":21,"column":30},"end":{"line":21,"column":null}}]}},"s":{"0":1,"1":1,"2":1,"3":1,"4":1,"5":1,"6":1},"f":{},"b":{"0":[1,1]}}
,"C:\\Users\\Ares\\Desktop\\Projektarbeit\\blockevent\\nextjs-blog\\backend\\endpoints\\events\\eventService.js": {"path":"C:\\Users\\Ares\\Desktop\\Projektarbeit\\blockevent\\nextjs-blog\\backend\\endpoints\\events\\eventService.js","statementMap":{"0":{"start":{"line":1,"column":14},"end":{"line":1,"column":null}},"1":{"start":{"line":2,"column":14},"end":{"line":2,"column":null}},"2":{"start":{"line":3,"column":24},"end":{"line":3,"column":null}},"3":{"start":{"line":4,"column":32},"end":{"line":4,"column":null}},"4":{"start":{"line":5,"column":21},"end":{"line":5,"column":null}},"5":{"start":{"line":8,"column":18},"end":{"line":8,"column":null}},"6":{"start":{"line":9,"column":4},"end":{"line":11,"column":null}},"7":{"start":{"line":10,"column":8},"end":{"line":10,"column":null}},"8":{"start":{"line":12,"column":4},"end":{"line":25,"column":null}},"9":{"start":{"line":29,"column":4},"end":{"line":45,"column":null}},"10":{"start":{"line":30,"column":23},"end":{"line":30,"column":null}},"11":{"start":{"line":31,"column":8},"end":{"line":33,"column":null}},"12":{"start":{"line":32,"column":12},"end":{"line":32,"column":null}},"13":{"start":{"line":34,"column":24},"end":{"line":34,"column":26}},"14":{"start":{"line":35,"column":8},"end":{"line":41,"column":null}},"15":{"start":{"line":36,"column":115},"end":{"line":36,"column":null}},"16":{"start":{"line":37,"column":31},"end":{"line":37,"column":null}},"17":{"start":{"line":38,"column":36},"end":{"line":38,"column":null}},"18":{"start":{"line":40,"column":12},"end":{"line":40,"column":null}},"19":{"start":{"line":42,"column":8},"end":{"line":42,"column":null}},"20":{"start":{"line":44,"column":8},"end":{"line":44,"column":null}},"21":{"start":{"line":49,"column":4},"end":{"line":92,"column":null}},"22":{"start":{"line":50,"column":20},"end":{"line":50,"column":null}},"23":{"start":{"line":51,"column":8},"end":{"line":53,"column":null}},"24":{"start":{"line":52,"column":12},"end":{"line":52,"column":null}},"25":{"start":{"line":54,"column":26},"end":{"line":65,"column":null}},"26":{"start":{"line":67,"column":22},"end":{"line":67,"column":null}},"27":{"start":{"line":70,"column":8},"end":{"line":81,"column":null}},"28":{"start":{"line":83,"column":8},"end":{"line":91,"column":null}},"29":{"start":{"line":84,"column":33},"end":{"line":84,"column":63}},"30":{"start":{"line":85,"column":35},"end":{"line":85,"column":61}},"31":{"start":{"line":86,"column":12},"end":{"line":86,"column":null}},"32":{"start":{"line":87,"column":15},"end":{"line":91,"column":null}},"33":{"start":{"line":88,"column":12},"end":{"line":88,"column":null}},"34":{"start":{"line":90,"column":12},"end":{"line":90,"column":null}},"35":{"start":{"line":96,"column":4},"end":{"line":98,"column":null}},"36":{"start":{"line":97,"column":8},"end":{"line":97,"column":null}},"37":{"start":{"line":99,"column":4},"end":{"line":101,"column":null}},"38":{"start":{"line":100,"column":8},"end":{"line":100,"column":null}},"39":{"start":{"line":102,"column":18},"end":{"line":102,"column":null}},"40":{"start":{"line":103,"column":4},"end":{"line":105,"column":null}},"41":{"start":{"line":104,"column":8},"end":{"line":104,"column":null}},"42":{"start":{"line":106,"column":4},"end":{"line":111,"column":null}},"43":{"start":{"line":107,"column":8},"end":{"line":109,"column":null}},"44":{"start":{"line":108,"column":12},"end":{"line":108,"column":null}},"45":{"start":{"line":110,"column":8},"end":{"line":110,"column":null}},"46":{"start":{"line":113,"column":4},"end":{"line":115,"column":null}},"47":{"start":{"line":114,"column":8},"end":{"line":114,"column":null}},"48":{"start":{"line":117,"column":22},"end":{"line":128,"column":null}},"49":{"start":{"line":129,"column":19},"end":{"line":129,"column":null}},"50":{"start":{"line":130,"column":25},"end":{"line":130,"column":null}},"51":{"start":{"line":131,"column":4},"end":{"line":131,"column":null}},"52":{"start":{"line":135,"column":18},"end":{"line":135,"column":null}},"53":{"start":{"line":136,"column":4},"end":{"line":138,"column":null}},"54":{"start":{"line":137,"column":8},"end":{"line":137,"column":null}},"55":{"start":{"line":139,"column":4},"end":{"line":141,"column":null}},"56":{"start":{"line":140,"column":8},"end":{"line":140,"column":null}},"57":{"start":{"line":143,"column":4},"end":{"line":143,"column":null}},"58":{"start":{"line":146,"column":0},"end":{"line":146,"column":null}}},"fnMap":{"0":{"name":"getEvent","decl":{"start":{"line":7,"column":15},"end":{"line":7,"column":24}},"loc":{"start":{"line":7,"column":26},"end":{"line":26,"column":null}}},"1":{"name":"getEvents","decl":{"start":{"line":28,"column":15},"end":{"line":28,"column":null}},"loc":{"start":{"line":28,"column":15},"end":{"line":46,"column":null}}},"2":{"name":"(anonymous_2)","decl":{"start":{"line":35,"column":38},"end":{"line":35,"column":null}},"loc":{"start":{"line":35,"column":38},"end":{"line":41,"column":null}}},"3":{"name":"createEvent","decl":{"start":{"line":48,"column":15},"end":{"line":48,"column":27}},"loc":{"start":{"line":48,"column":40},"end":{"line":93,"column":null}}},"4":{"name":"updateEvent","decl":{"start":{"line":95,"column":15},"end":{"line":95,"column":27}},"loc":{"start":{"line":95,"column":40},"end":{"line":132,"column":null}}},"5":{"name":"deleteEvent","decl":{"start":{"line":134,"column":15},"end":{"line":134,"column":27}},"loc":{"start":{"line":134,"column":29},"end":{"line":144,"column":null}}}},"branchMap":{"0":{"loc":{"start":{"line":9,"column":4},"end":{"line":11,"column":null}},"type":"if","locations":[{"start":{"line":9,"column":4},"end":{"line":11,"column":null}}]},"1":{"loc":{"start":{"line":31,"column":8},"end":{"line":33,"column":null}},"type":"if","locations":[{"start":{"line":31,"column":8},"end":{"line":33,"column":null}}]},"2":{"loc":{"start":{"line":51,"column":8},"end":{"line":53,"column":null}},"type":"if","locations":[{"start":{"line":51,"column":8},"end":{"line":53,"column":null}}]},"3":{"loc":{"start":{"line":83,"column":8},"end":{"line":91,"column":null}},"type":"if","locations":[{"start":{"line":83,"column":8},"end":{"line":91,"column":null}},{"start":{"line":87,"column":15},"end":{"line":91,"column":null}}]},"4":{"loc":{"start":{"line":83,"column":12},"end":{"line":83,"column":66}},"type":"binary-expr","locations":[{"start":{"line":83,"column":12},"end":{"line":83,"column":34}},{"start":{"line":83,"column":34},"end":{"line":83,"column":52}},{"start":{"line":83,"column":52},"end":{"line":83,"column":66}}]},"5":{"loc":{"start":{"line":87,"column":15},"end":{"line":91,"column":null}},"type":"if","locations":[{"start":{"line":87,"column":15},"end":{"line":91,"column":null}},{"start":{"line":89,"column":15},"end":{"line":91,"column":null}}]},"6":{"loc":{"start":{"line":96,"column":4},"end":{"line":98,"column":null}},"type":"if","locations":[{"start":{"line":96,"column":4},"end":{"line":98,"column":null}}]},"7":{"loc":{"start":{"line":99,"column":4},"end":{"line":101,"column":null}},"type":"if","locations":[{"start":{"line":99,"column":4},"end":{"line":101,"column":null}}]},"8":{"loc":{"start":{"line":103,"column":4},"end":{"line":105,"column":null}},"type":"if","locations":[{"start":{"line":103,"column":4},"end":{"line":105,"column":null}}]},"9":{"loc":{"start":{"line":106,"column":4},"end":{"line":111,"column":null}},"type":"if","locations":[{"start":{"line":106,"column":4},"end":{"line":111,"column":null}}]},"10":{"loc":{"start":{"line":113,"column":4},"end":{"line":115,"column":null}},"type":"if","locations":[{"start":{"line":113,"column":4},"end":{"line":115,"column":null}}]},"11":{"loc":{"start":{"line":136,"column":4},"end":{"line":138,"column":null}},"type":"if","locations":[{"start":{"line":136,"column":4},"end":{"line":138,"column":null}}]},"12":{"loc":{"start":{"line":139,"column":4},"end":{"line":141,"column":null}},"type":"if","locations":[{"start":{"line":139,"column":4},"end":{"line":141,"column":null}}]}},"s":{"0":1,"1":1,"2":1,"3":1,"4":1,"5":1,"6":1,"7":0,"8":1,"9":1,"10":1,"11":1,"12":0,"13":1,"14":1,"15":21,"16":21,"17":21,"18":21,"19":1,"20":0,"21":1,"22":1,"23":1,"24":0,"25":1,"26":1,"27":1,"28":0,"29":0,"30":0,"31":0,"32":0,"33":0,"34":0,"35":1,"36":0,"37":1,"38":1,"39":1,"40":1,"41":0,"42":1,"43":0,"44":0,"45":0,"46":1,"47":0,"48":1,"49":1,"50":1,"51":1,"52":1,"53":1,"54":0,"55":1,"56":0,"57":1,"58":1},"f":{"0":1,"1":1,"2":21,"3":1,"4":1,"5":1},"b":{"0":[0],"1":[0],"2":[0],"3":[0,0],"4":[0,0,0],"5":[0,0],"6":[0],"7":[1],"8":[0],"9":[0],"10":[0],"11":[0],"12":[0]}}
,"C:\\Users\\Ares\\Desktop\\Projektarbeit\\blockevent\\nextjs-blog\\backend\\endpoints\\images\\imageModel.js": {"path":"C:\\Users\\Ares\\Desktop\\Projektarbeit\\blockevent\\nextjs-blog\\backend\\endpoints\\images\\imageModel.js","statementMap":{"0":{"start":{"line":1,"column":34},"end":{"line":1,"column":null}},"1":{"start":{"line":3,"column":20},"end":{"line":5,"column":null}},"2":{"start":{"line":8,"column":14},"end":{"line":8,"column":null}},"3":{"start":{"line":9,"column":0},"end":{"line":9,"column":null}}},"fnMap":{},"branchMap":{"0":{"loc":{"start":{"line":8,"column":14},"end":{"line":8,"column":null}},"type":"binary-expr","locations":[{"start":{"line":8,"column":14},"end":{"line":8,"column":30}},{"start":{"line":8,"column":30},"end":{"line":8,"column":null}}]}},"s":{"0":1,"1":1,"2":1,"3":1},"f":{},"b":{"0":[1,1]}}
,"C:\\Users\\Ares\\Desktop\\Projektarbeit\\blockevent\\nextjs-blog\\backend\\endpoints\\images\\imageService.js": {"path":"C:\\Users\\Ares\\Desktop\\Projektarbeit\\blockevent\\nextjs-blog\\backend\\endpoints\\images\\imageService.js","statementMap":{"0":{"start":{"line":1,"column":14},"end":{"line":1,"column":null}},"1":{"start":{"line":4,"column":4},"end":{"line":9,"column":null}},"2":{"start":{"line":5,"column":22},"end":{"line":5,"column":null}},"3":{"start":{"line":6,"column":8},"end":{"line":6,"column":null}},"4":{"start":{"line":8,"column":8},"end":{"line":8,"column":null}},"5":{"start":{"line":13,"column":4},"end":{"line":25,"column":null}},"6":{"start":{"line":14,"column":8},"end":{"line":14,"column":null}},"7":{"start":{"line":16,"column":8},"end":{"line":24,"column":null}},"8":{"start":{"line":17,"column":33},"end":{"line":17,"column":63}},"9":{"start":{"line":18,"column":35},"end":{"line":18,"column":61}},"10":{"start":{"line":19,"column":12},"end":{"line":19,"column":null}},"11":{"start":{"line":20,"column":15},"end":{"line":24,"column":null}},"12":{"start":{"line":21,"column":12},"end":{"line":21,"column":null}},"13":{"start":{"line":23,"column":12},"end":{"line":23,"column":null}},"14":{"start":{"line":28,"column":0},"end":{"line":28,"column":null}}},"fnMap":{"0":{"name":"getImage","decl":{"start":{"line":3,"column":15},"end":{"line":3,"column":24}},"loc":{"start":{"line":3,"column":31},"end":{"line":10,"column":null}}},"1":{"name":"createImage","decl":{"start":{"line":12,"column":15},"end":{"line":12,"column":27}},"loc":{"start":{"line":12,"column":40},"end":{"line":26,"column":null}}}},"branchMap":{"0":{"loc":{"start":{"line":16,"column":8},"end":{"line":24,"column":null}},"type":"if","locations":[{"start":{"line":16,"column":8},"end":{"line":24,"column":null}},{"start":{"line":20,"column":15},"end":{"line":24,"column":null}}]},"1":{"loc":{"start":{"line":16,"column":12},"end":{"line":16,"column":66}},"type":"binary-expr","locations":[{"start":{"line":16,"column":12},"end":{"line":16,"column":34}},{"start":{"line":16,"column":34},"end":{"line":16,"column":52}},{"start":{"line":16,"column":52},"end":{"line":16,"column":66}}]},"2":{"loc":{"start":{"line":20,"column":15},"end":{"line":24,"column":null}},"type":"if","locations":[{"start":{"line":20,"column":15},"end":{"line":24,"column":null}},{"start":{"line":22,"column":15},"end":{"line":24,"column":null}}]}},"s":{"0":1,"1":0,"2":0,"3":0,"4":0,"5":0,"6":0,"7":0,"8":0,"9":0,"10":0,"11":0,"12":0,"13":0,"14":1},"f":{"0":0,"1":0},"b":{"0":[0,0],"1":[0,0,0],"2":[0,0]}}
,"C:\\Users\\Ares\\Desktop\\Projektarbeit\\blockevent\\nextjs-blog\\backend\\endpoints\\users\\userModel.js": {"path":"C:\\Users\\Ares\\Desktop\\Projektarbeit\\blockevent\\nextjs-blog\\backend\\endpoints\\users\\userModel.js","statementMap":{"0":{"start":{"line":1,"column":37},"end":{"line":1,"column":null}},"1":{"start":{"line":2,"column":0},"end":{"line":2,"column":null}},"2":{"start":{"line":3,"column":0},"end":{"line":3,"column":null}},"3":{"start":{"line":4,"column":34},"end":{"line":4,"column":null}},"4":{"start":{"line":5,"column":15},"end":{"line":5,"column":null}},"5":{"start":{"line":7,"column":19},"end":{"line":16,"column":null}},"6":{"start":{"line":19,"column":0},"end":{"line":30,"column":null}},"7":{"start":{"line":20,"column":4},"end":{"line":29,"column":null}},"8":{"start":{"line":21,"column":8},"end":{"line":23,"column":null}},"9":{"start":{"line":22,"column":12},"end":{"line":22,"column":null}},"10":{"start":{"line":24,"column":31},"end":{"line":24,"column":null}},"11":{"start":{"line":25,"column":8},"end":{"line":25,"column":null}},"12":{"start":{"line":26,"column":8},"end":{"line":26,"column":null}},"13":{"start":{"line":28,"column":8},"end":{"line":28,"column":null}},"14":{"start":{"line":32,"column":0},"end":{"line":39,"column":null}},"15":{"start":{"line":33,"column":4},"end":{"line":38,"column":null}},"16":{"start":{"line":34,"column":24},"end":{"line":34,"column":null}},"17":{"start":{"line":35,"column":8},"end":{"line":35,"column":null}},"18":{"start":{"line":37,"column":8},"end":{"line":37,"column":null}},"19":{"start":{"line":41,"column":13},"end":{"line":41,"column":null}},"20":{"start":{"line":42,"column":0},"end":{"line":42,"column":null}}},"fnMap":{"0":{"name":"(anonymous_0)","decl":{"start":{"line":19,"column":23},"end":{"line":19,"column":39}},"loc":{"start":{"line":19,"column":43},"end":{"line":30,"column":null}}},"1":{"name":"(anonymous_1)","decl":{"start":{"line":32,"column":37},"end":{"line":32,"column":53}},"loc":{"start":{"line":32,"column":76},"end":{"line":39,"column":null}}}},"branchMap":{"0":{"loc":{"start":{"line":21,"column":8},"end":{"line":23,"column":null}},"type":"if","locations":[{"start":{"line":21,"column":8},"end":{"line":23,"column":null}}]},"1":{"loc":{"start":{"line":41,"column":13},"end":{"line":41,"column":null}},"type":"binary-expr","locations":[{"start":{"line":41,"column":13},"end":{"line":41,"column":28}},{"start":{"line":41,"column":28},"end":{"line":41,"column":null}}]}},"s":{"0":1,"1":1,"2":1,"3":1,"4":1,"5":1,"6":1,"7":2,"8":2,"9":1,"10":1,"11":1,"12":1,"13":0,"14":1,"15":0,"16":0,"17":0,"18":0,"19":1,"20":1},"f":{"0":2,"1":0},"b":{"0":[1],"1":[1,1]}}
,"C:\\Users\\Ares\\Desktop\\Projektarbeit\\blockevent\\nextjs-blog\\backend\\endpoints\\users\\userService.js": {"path":"C:\\Users\\Ares\\Desktop\\Projektarbeit\\blockevent\\nextjs-blog\\backend\\endpoints\\users\\userService.js","statementMap":{"0":{"start":{"line":1,"column":13},"end":{"line":1,"column":null}},"1":{"start":{"line":2,"column":46},"end":{"line":2,"column":null}},"2":{"start":{"line":3,"column":21},"end":{"line":3,"column":null}},"3":{"start":{"line":6,"column":17},"end":{"line":6,"column":null}},"4":{"start":{"line":7,"column":4},"end":{"line":9,"column":null}},"5":{"start":{"line":8,"column":8},"end":{"line":8,"column":null}},"6":{"start":{"line":10,"column":4},"end":{"line":20,"column":null}},"7":{"start":{"line":24,"column":4},"end":{"line":39,"column":null}},"8":{"start":{"line":25,"column":22},"end":{"line":25,"column":null}},"9":{"start":{"line":26,"column":8},"end":{"line":28,"column":null}},"10":{"start":{"line":27,"column":12},"end":{"line":27,"column":null}},"11":{"start":{"line":29,"column":23},"end":{"line":29,"column":25}},"12":{"start":{"line":30,"column":8},"end":{"line":34,"column":null}},"13":{"start":{"line":31,"column":142},"end":{"line":31,"column":null}},"14":{"start":{"line":32,"column":36},"end":{"line":32,"column":null}},"15":{"start":{"line":33,"column":12},"end":{"line":33,"column":null}},"16":{"start":{"line":35,"column":8},"end":{"line":35,"column":null}},"17":{"start":{"line":38,"column":8},"end":{"line":38,"column":null}},"18":{"start":{"line":43,"column":4},"end":{"line":74,"column":null}},"19":{"start":{"line":44,"column":8},"end":{"line":44,"column":null}},"20":{"start":{"line":46,"column":21},"end":{"line":54,"column":null}},"21":{"start":{"line":55,"column":8},"end":{"line":63,"column":null}},"22":{"start":{"line":65,"column":8},"end":{"line":73,"column":null}},"23":{"start":{"line":66,"column":33},"end":{"line":66,"column":63}},"24":{"start":{"line":67,"column":35},"end":{"line":67,"column":61}},"25":{"start":{"line":68,"column":12},"end":{"line":68,"column":null}},"26":{"start":{"line":69,"column":15},"end":{"line":73,"column":null}},"27":{"start":{"line":70,"column":12},"end":{"line":70,"column":null}},"28":{"start":{"line":72,"column":12},"end":{"line":72,"column":null}},"29":{"start":{"line":78,"column":4},"end":{"line":80,"column":null}},"30":{"start":{"line":79,"column":8},"end":{"line":79,"column":null}},"31":{"start":{"line":81,"column":4},"end":{"line":83,"column":null}},"32":{"start":{"line":82,"column":8},"end":{"line":82,"column":null}},"33":{"start":{"line":84,"column":17},"end":{"line":84,"column":null}},"34":{"start":{"line":85,"column":4},"end":{"line":85,"column":null}},"35":{"start":{"line":86,"column":4},"end":{"line":88,"column":null}},"36":{"start":{"line":87,"column":8},"end":{"line":87,"column":null}},"37":{"start":{"line":89,"column":4},"end":{"line":97,"column":null}},"38":{"start":{"line":101,"column":17},"end":{"line":101,"column":null}},"39":{"start":{"line":102,"column":4},"end":{"line":104,"column":null}},"40":{"start":{"line":103,"column":8},"end":{"line":103,"column":null}},"41":{"start":{"line":105,"column":4},"end":{"line":105,"column":null}},"42":{"start":{"line":108,"column":0},"end":{"line":108,"column":null}}},"fnMap":{"0":{"name":"getUser","decl":{"start":{"line":5,"column":15},"end":{"line":5,"column":23}},"loc":{"start":{"line":5,"column":25},"end":{"line":21,"column":null}}},"1":{"name":"getUsers","decl":{"start":{"line":23,"column":15},"end":{"line":23,"column":null}},"loc":{"start":{"line":23,"column":15},"end":{"line":40,"column":null}}},"2":{"name":"(anonymous_2)","decl":{"start":{"line":30,"column":37},"end":{"line":30,"column":null}},"loc":{"start":{"line":30,"column":37},"end":{"line":34,"column":null}}},"3":{"name":"createUser","decl":{"start":{"line":42,"column":15},"end":{"line":42,"column":26}},"loc":{"start":{"line":42,"column":38},"end":{"line":75,"column":null}}},"4":{"name":"updateUser","decl":{"start":{"line":77,"column":15},"end":{"line":77,"column":26}},"loc":{"start":{"line":77,"column":38},"end":{"line":98,"column":null}}},"5":{"name":"deleteUser","decl":{"start":{"line":100,"column":15},"end":{"line":100,"column":26}},"loc":{"start":{"line":100,"column":28},"end":{"line":106,"column":null}}}},"branchMap":{"0":{"loc":{"start":{"line":7,"column":4},"end":{"line":9,"column":null}},"type":"if","locations":[{"start":{"line":7,"column":4},"end":{"line":9,"column":null}}]},"1":{"loc":{"start":{"line":26,"column":8},"end":{"line":28,"column":null}},"type":"if","locations":[{"start":{"line":26,"column":8},"end":{"line":28,"column":null}}]},"2":{"loc":{"start":{"line":65,"column":8},"end":{"line":73,"column":null}},"type":"if","locations":[{"start":{"line":65,"column":8},"end":{"line":73,"column":null}},{"start":{"line":69,"column":15},"end":{"line":73,"column":null}}]},"3":{"loc":{"start":{"line":65,"column":12},"end":{"line":65,"column":66}},"type":"binary-expr","locations":[{"start":{"line":65,"column":12},"end":{"line":65,"column":34}},{"start":{"line":65,"column":34},"end":{"line":65,"column":52}},{"start":{"line":65,"column":52},"end":{"line":65,"column":66}}]},"4":{"loc":{"start":{"line":69,"column":15},"end":{"line":73,"column":null}},"type":"if","locations":[{"start":{"line":69,"column":15},"end":{"line":73,"column":null}},{"start":{"line":71,"column":15},"end":{"line":73,"column":null}}]},"5":{"loc":{"start":{"line":78,"column":4},"end":{"line":80,"column":null}},"type":"if","locations":[{"start":{"line":78,"column":4},"end":{"line":80,"column":null}}]},"6":{"loc":{"start":{"line":81,"column":4},"end":{"line":83,"column":null}},"type":"if","locations":[{"start":{"line":81,"column":4},"end":{"line":83,"column":null}}]},"7":{"loc":{"start":{"line":86,"column":4},"end":{"line":88,"column":null}},"type":"if","locations":[{"start":{"line":86,"column":4},"end":{"line":88,"column":null}}]},"8":{"loc":{"start":{"line":102,"column":4},"end":{"line":104,"column":null}},"type":"if","locations":[{"start":{"line":102,"column":4},"end":{"line":104,"column":null}}]}},"s":{"0":1,"1":1,"2":1,"3":1,"4":1,"5":0,"6":1,"7":1,"8":1,"9":1,"10":0,"11":1,"12":1,"13":13,"14":13,"15":13,"16":1,"17":0,"18":1,"19":1,"20":1,"21":1,"22":0,"23":0,"24":0,"25":0,"26":0,"27":0,"28":0,"29":1,"30":0,"31":1,"32":0,"33":1,"34":1,"35":1,"36":0,"37":1,"38":1,"39":1,"40":0,"41":1,"42":1},"f":{"0":1,"1":1,"2":13,"3":1,"4":1,"5":1},"b":{"0":[0],"1":[0],"2":[0,0],"3":[0,0,0],"4":[0,0],"5":[0],"6":[0],"7":[0],"8":[0]}}
,"C:\\Users\\Ares\\Desktop\\Projektarbeit\\blockevent\\nextjs-blog\\backend\\utils\\connectMongo.js": {"path":"C:\\Users\\Ares\\Desktop\\Projektarbeit\\blockevent\\nextjs-blog\\backend\\utils\\connectMongo.js","statementMap":{"0":{"start":{"line":2,"column":37},"end":{"line":2,"column":null}},"1":{"start":{"line":3,"column":0},"end":{"line":3,"column":null}},"2":{"start":{"line":4,"column":0},"end":{"line":4,"column":null}},"3":{"start":{"line":6,"column":17},"end":{"line":6,"column":null}},"4":{"start":{"line":7,"column":0},"end":{"line":7,"column":null}},"5":{"start":{"line":9,"column":24},"end":{"line":9,"column":null}},"6":{"start":{"line":13,"column":2},"end":{"line":21,"column":null}},"7":{"start":{"line":14,"column":4},"end":{"line":17,"column":null}},"8":{"start":{"line":18,"column":4},"end":{"line":18,"column":null}},"9":{"start":{"line":20,"column":4},"end":{"line":20,"column":null}},"10":{"start":{"line":26,"column":2},"end":{"line":26,"column":null}},"11":{"start":{"line":32,"column":22},"end":{"line":32,"column":null}},"12":{"start":{"line":33,"column":2},"end":{"line":35,"column":null}},"13":{"start":{"line":34,"column":4},"end":{"line":34,"column":null}},"14":{"start":{"line":38,"column":0},"end":{"line":38,"column":null}}},"fnMap":{"0":{"name":"connectMongo","decl":{"start":{"line":11,"column":15},"end":{"line":11,"column":null}},"loc":{"start":{"line":11,"column":15},"end":{"line":22,"column":null}}},"1":{"name":"closeMongo","decl":{"start":{"line":25,"column":15},"end":{"line":25,"column":null}},"loc":{"start":{"line":25,"column":15},"end":{"line":27,"column":null}}},"2":{"name":"clearMongo","decl":{"start":{"line":30,"column":15},"end":{"line":30,"column":null}},"loc":{"start":{"line":30,"column":15},"end":{"line":36,"column":null}}}},"branchMap":{"0":{"loc":{"start":{"line":13,"column":2},"end":{"line":21,"column":null}},"type":"if","locations":[{"start":{"line":13,"column":2},"end":{"line":21,"column":null}},{"start":{"line":19,"column":9},"end":{"line":21,"column":null}}]}},"s":{"0":2,"1":2,"2":2,"3":2,"4":2,"5":2,"6":11,"7":11,"8":11,"9":0,"10":2,"11":0,"12":0,"13":0,"14":2},"f":{"0":11,"1":2,"2":0},"b":{"0":[11,0]}}
,"C:\\Users\\Ares\\Desktop\\Projektarbeit\\blockevent\\nextjs-blog\\backend\\utils\\createMockEvents.js": {"path":"C:\\Users\\Ares\\Desktop\\Projektarbeit\\blockevent\\nextjs-blog\\backend\\utils\\createMockEvents.js","statementMap":{"0":{"start":{"line":5,"column":22},"end":{"line":5,"column":null}},"1":{"start":{"line":1,"column":23},"end":{"line":1,"column":null}},"2":{"start":{"line":2,"column":28},"end":{"line":2,"column":null}},"3":{"start":{"line":6,"column":8},"end":{"line":12,"column":null}},"4":{"start":{"line":7,"column":16},"end":{"line":9,"column":null}},"5":{"start":{"line":7,"column":29},"end":{"line":7,"column":32}},"6":{"start":{"line":8,"column":24},"end":{"line":8,"column":null}},"7":{"start":{"line":11,"column":16},"end":{"line":11,"column":null}}},"fnMap":{"0":{"name":"createMockEvents","decl":{"start":{"line":5,"column":22},"end":{"line":5,"column":null}},"loc":{"start":{"line":5,"column":22},"end":{"line":13,"column":null}}}},"branchMap":{},"s":{"0":1,"1":1,"2":1,"3":0,"4":0,"5":0,"6":0,"7":0},"f":{"0":0},"b":{}}
,"C:\\Users\\Ares\\Desktop\\Projektarbeit\\blockevent\\nextjs-blog\\backend\\utils\\dateToString.js": {"path":"C:\\Users\\Ares\\Desktop\\Projektarbeit\\blockevent\\nextjs-blog\\backend\\utils\\dateToString.js","statementMap":{"0":{"start":{"line":2,"column":4},"end":{"line":2,"column":null}},"1":{"start":{"line":6,"column":23},"end":{"line":6,"column":null}},"2":{"start":{"line":7,"column":14},"end":{"line":7,"column":null}},"3":{"start":{"line":8,"column":16},"end":{"line":8,"column":43}},"4":{"start":{"line":9,"column":15},"end":{"line":9,"column":null}},"5":{"start":{"line":12,"column":4},"end":{"line":14,"column":null}},"6":{"start":{"line":13,"column":8},"end":{"line":13,"column":null}},"7":{"start":{"line":16,"column":4},"end":{"line":18,"column":null}},"8":{"start":{"line":17,"column":8},"end":{"line":17,"column":null}},"9":{"start":{"line":19,"column":4},"end":{"line":19,"column":null}},"10":{"start":{"line":21,"column":0},"end":{"line":25,"column":null}},"11":{"start":{"line":28,"column":23},"end":{"line":28,"column":null}},"12":{"start":{"line":29,"column":14},"end":{"line":29,"column":null}},"13":{"start":{"line":30,"column":16},"end":{"line":30,"column":null}},"14":{"start":{"line":31,"column":15},"end":{"line":31,"column":null}},"15":{"start":{"line":33,"column":4},"end":{"line":35,"column":null}},"16":{"start":{"line":34,"column":8},"end":{"line":34,"column":null}},"17":{"start":{"line":37,"column":4},"end":{"line":39,"column":null}},"18":{"start":{"line":38,"column":8},"end":{"line":38,"column":null}},"19":{"start":{"line":40,"column":4},"end":{"line":40,"column":null}},"20":{"start":{"line":45,"column":22},"end":{"line":45,"column":null}},"21":{"start":{"line":48,"column":15},"end":{"line":48,"column":null}},"22":{"start":{"line":49,"column":16},"end":{"line":49,"column":null}},"23":{"start":{"line":50,"column":14},"end":{"line":50,"column":null}},"24":{"start":{"line":51,"column":16},"end":{"line":51,"column":null}},"25":{"start":{"line":52,"column":18},"end":{"line":52,"column":null}},"26":{"start":{"line":55,"column":23},"end":{"line":55,"column":null}},"27":{"start":{"line":57,"column":4},"end":{"line":57,"column":null}},"28":{"start":{"line":60,"column":0},"end":{"line":66,"column":null}}},"fnMap":{"0":{"name":"dateAndTimeToString","decl":{"start":{"line":1,"column":9},"end":{"line":1,"column":29}},"loc":{"start":{"line":1,"column":33},"end":{"line":3,"column":null}}},"1":{"name":"dateToString","decl":{"start":{"line":5,"column":9},"end":{"line":5,"column":22}},"loc":{"start":{"line":5,"column":26},"end":{"line":20,"column":null}}},"2":{"name":"dateToDashString","decl":{"start":{"line":27,"column":9},"end":{"line":27,"column":26}},"loc":{"start":{"line":27,"column":30},"end":{"line":41,"column":null}}},"3":{"name":"convertDateTime","decl":{"start":{"line":43,"column":9},"end":{"line":43,"column":25}},"loc":{"start":{"line":43,"column":36},"end":{"line":58,"column":null}}}},"branchMap":{"0":{"loc":{"start":{"line":12,"column":4},"end":{"line":14,"column":null}},"type":"if","locations":[{"start":{"line":12,"column":4},"end":{"line":14,"column":null}}]},"1":{"loc":{"start":{"line":16,"column":4},"end":{"line":18,"column":null}},"type":"if","locations":[{"start":{"line":16,"column":4},"end":{"line":18,"column":null}}]},"2":{"loc":{"start":{"line":33,"column":4},"end":{"line":35,"column":null}},"type":"if","locations":[{"start":{"line":33,"column":4},"end":{"line":35,"column":null}}]},"3":{"loc":{"start":{"line":37,"column":4},"end":{"line":39,"column":null}},"type":"if","locations":[{"start":{"line":37,"column":4},"end":{"line":39,"column":null}}]}},"s":{"0":57,"1":58,"2":58,"3":58,"4":58,"5":58,"6":30,"7":58,"8":55,"9":58,"10":2,"11":0,"12":0,"13":0,"14":0,"15":0,"16":0,"17":0,"18":0,"19":0,"20":0,"21":0,"22":0,"23":0,"24":0,"25":0,"26":0,"27":0,"28":2},"f":{"0":57,"1":58,"2":0,"3":0},"b":{"0":[30],"1":[55],"2":[0],"3":[0]}}
,"C:\\Users\\Ares\\Desktop\\Projektarbeit\\blockevent\\nextjs-blog\\pages\\api\\events\\[id].js": {"path":"C:\\Users\\Ares\\Desktop\\Projektarbeit\\blockevent\\nextjs-blog\\pages\\api\\events\\[id].js","statementMap":{"0":{"start":{"line":5,"column":30},"end":{"line":5,"column":38}},"1":{"start":{"line":1,"column":47},"end":{"line":1,"column":null}},"2":{"start":{"line":2,"column":25},"end":{"line":2,"column":null}},"3":{"start":{"line":3,"column":10},"end":{"line":3,"column":null}},"4":{"start":{"line":6,"column":4},"end":{"line":6,"column":null}},"5":{"start":{"line":7,"column":19},"end":{"line":7,"column":null}},"6":{"start":{"line":8,"column":19},"end":{"line":10,"column":null}},"7":{"start":{"line":11,"column":21},"end":{"line":11,"column":null}},"8":{"start":{"line":13,"column":4},"end":{"line":83,"column":null}},"9":{"start":{"line":15,"column":12},"end":{"line":29,"column":null}},"10":{"start":{"line":16,"column":16},"end":{"line":20,"column":null}},"11":{"start":{"line":17,"column":39},"end":{"line":17,"column":null}},"12":{"start":{"line":18,"column":20},"end":{"line":18,"column":null}},"13":{"start":{"line":19,"column":20},"end":{"line":19,"column":null}},"14":{"start":{"line":21,"column":30},"end":{"line":21,"column":null}},"15":{"start":{"line":22,"column":16},"end":{"line":26,"column":null}},"16":{"start":{"line":23,"column":20},"end":{"line":23,"column":null}},"17":{"start":{"line":25,"column":20},"end":{"line":25,"column":null}},"18":{"start":{"line":28,"column":16},"end":{"line":28,"column":null}},"19":{"start":{"line":30,"column":12},"end":{"line":30,"column":null}},"20":{"start":{"line":32,"column":12},"end":{"line":36,"column":null}},"21":{"start":{"line":33,"column":35},"end":{"line":33,"column":null}},"22":{"start":{"line":34,"column":16},"end":{"line":34,"column":null}},"23":{"start":{"line":35,"column":16},"end":{"line":35,"column":null}},"24":{"start":{"line":37,"column":28},"end":{"line":49,"column":null}},"25":{"start":{"line":50,"column":12},"end":{"line":68,"column":null}},"26":{"start":{"line":51,"column":34},"end":{"line":51,"column":null}},"27":{"start":{"line":52,"column":16},"end":{"line":56,"column":null}},"28":{"start":{"line":53,"column":39},"end":{"line":53,"column":null}},"29":{"start":{"line":54,"column":20},"end":{"line":54,"column":null}},"30":{"start":{"line":55,"column":20},"end":{"line":55,"column":null}},"31":{"start":{"line":57,"column":16},"end":{"line":59,"column":null}},"32":{"start":{"line":58,"column":20},"end":{"line":58,"column":null}},"33":{"start":{"line":60,"column":37},"end":{"line":60,"column":null}},"34":{"start":{"line":61,"column":16},"end":{"line":65,"column":null}},"35":{"start":{"line":62,"column":20},"end":{"line":62,"column":null}},"36":{"start":{"line":64,"column":20},"end":{"line":64,"column":null}},"37":{"start":{"line":67,"column":16},"end":{"line":67,"column":null}},"38":{"start":{"line":69,"column":12},"end":{"line":69,"column":null}},"39":{"start":{"line":71,"column":12},"end":{"line":81,"column":null}},"40":{"start":{"line":72,"column":16},"end":{"line":76,"column":null}},"41":{"start":{"line":73,"column":39},"end":{"line":73,"column":null}},"42":{"start":{"line":74,"column":20},"end":{"line":74,"column":null}},"43":{"start":{"line":75,"column":20},"end":{"line":75,"column":null}},"44":{"start":{"line":77,"column":16},"end":{"line":77,"column":null}},"45":{"start":{"line":78,"column":16},"end":{"line":78,"column":null}},"46":{"start":{"line":80,"column":16},"end":{"line":80,"column":null}},"47":{"start":{"line":82,"column":12},"end":{"line":82,"column":null}}},"fnMap":{"0":{"name":"handler","decl":{"start":{"line":5,"column":30},"end":{"line":5,"column":38}},"loc":{"start":{"line":5,"column":46},"end":{"line":84,"column":null}}}},"branchMap":{"0":{"loc":{"start":{"line":13,"column":4},"end":{"line":83,"column":null}},"type":"switch","locations":[{"start":{"line":14,"column":8},"end":{"line":30,"column":null}},{"start":{"line":31,"column":8},"end":{"line":69,"column":null}},{"start":{"line":70,"column":8},"end":{"line":82,"column":null}}]},"1":{"loc":{"start":{"line":16,"column":16},"end":{"line":20,"column":null}},"type":"if","locations":[{"start":{"line":16,"column":16},"end":{"line":20,"column":null}}]},"2":{"loc":{"start":{"line":22,"column":16},"end":{"line":26,"column":null}},"type":"if","locations":[{"start":{"line":22,"column":16},"end":{"line":26,"column":null}},{"start":{"line":24,"column":23},"end":{"line":26,"column":null}}]},"3":{"loc":{"start":{"line":32,"column":12},"end":{"line":36,"column":null}},"type":"if","locations":[{"start":{"line":32,"column":12},"end":{"line":36,"column":null}}]},"4":{"loc":{"start":{"line":52,"column":16},"end":{"line":56,"column":null}},"type":"if","locations":[{"start":{"line":52,"column":16},"end":{"line":56,"column":null}}]},"5":{"loc":{"start":{"line":57,"column":16},"end":{"line":59,"column":null}},"type":"if","locations":[{"start":{"line":57,"column":16},"end":{"line":59,"column":null}}]},"6":{"loc":{"start":{"line":61,"column":16},"end":{"line":65,"column":null}},"type":"if","locations":[{"start":{"line":61,"column":16},"end":{"line":65,"column":null}},{"start":{"line":63,"column":23},"end":{"line":65,"column":null}}]},"7":{"loc":{"start":{"line":72,"column":16},"end":{"line":76,"column":null}},"type":"if","locations":[{"start":{"line":72,"column":16},"end":{"line":76,"column":null}}]}},"s":{"0":3,"1":1,"2":1,"3":1,"4":3,"5":3,"6":3,"7":3,"8":3,"9":1,"10":1,"11":0,"12":0,"13":0,"14":1,"15":1,"16":1,"17":0,"18":0,"19":1,"20":1,"21":0,"22":0,"23":0,"24":1,"25":1,"26":1,"27":1,"28":0,"29":0,"30":0,"31":1,"32":0,"33":1,"34":1,"35":1,"36":0,"37":0,"38":1,"39":1,"40":1,"41":0,"42":0,"43":0,"44":1,"45":1,"46":1,"47":1},"f":{"0":3},"b":{"0":[1,1,1],"1":[0],"2":[1,0],"3":[0],"4":[0],"5":[0],"6":[1,0],"7":[0]}}
,"C:\\Users\\Ares\\Desktop\\Projektarbeit\\blockevent\\nextjs-blog\\pages\\api\\events\\index.js": {"path":"C:\\Users\\Ares\\Desktop\\Projektarbeit\\blockevent\\nextjs-blog\\pages\\api\\events\\index.js","statementMap":{"0":{"start":{"line":6,"column":13},"end":{"line":6,"column":19}},"1":{"start":{"line":14,"column":30},"end":{"line":14,"column":38}},"2":{"start":{"line":1,"column":35},"end":{"line":1,"column":null}},"3":{"start":{"line":2,"column":29},"end":{"line":2,"column":null}},"4":{"start":{"line":3,"column":25},"end":{"line":3,"column":null}},"5":{"start":{"line":4,"column":10},"end":{"line":4,"column":null}},"6":{"start":{"line":6,"column":22},"end":{"line":12,"column":null}},"7":{"start":{"line":15,"column":4},"end":{"line":15,"column":null}},"8":{"start":{"line":16,"column":4},"end":{"line":64,"column":null}},"9":{"start":{"line":18,"column":12},"end":{"line":32,"column":null}},"10":{"start":{"line":19,"column":31},"end":{"line":19,"column":null}},"11":{"start":{"line":20,"column":16},"end":{"line":29,"column":null}},"12":{"start":{"line":21,"column":20},"end":{"line":21,"column":null}},"13":{"start":{"line":22,"column":39},"end":{"line":22,"column":null}},"14":{"start":{"line":23,"column":20},"end":{"line":23,"column":null}},"15":{"start":{"line":25,"column":21},"end":{"line":29,"column":null}},"16":{"start":{"line":26,"column":20},"end":{"line":26,"column":null}},"17":{"start":{"line":28,"column":20},"end":{"line":28,"column":null}},"18":{"start":{"line":31,"column":16},"end":{"line":31,"column":null}},"19":{"start":{"line":33,"column":12},"end":{"line":33,"column":null}},"20":{"start":{"line":35,"column":27},"end":{"line":46,"column":null}},"21":{"start":{"line":47,"column":12},"end":{"line":62,"column":null}},"22":{"start":{"line":48,"column":33},"end":{"line":48,"column":null}},"23":{"start":{"line":49,"column":16},"end":{"line":53,"column":null}},"24":{"start":{"line":50,"column":39},"end":{"line":50,"column":null}},"25":{"start":{"line":51,"column":20},"end":{"line":51,"column":null}},"26":{"start":{"line":52,"column":20},"end":{"line":52,"column":null}},"27":{"start":{"line":54,"column":33},"end":{"line":54,"column":null}},"28":{"start":{"line":55,"column":16},"end":{"line":59,"column":null}},"29":{"start":{"line":56,"column":20},"end":{"line":56,"column":null}},"30":{"start":{"line":58,"column":20},"end":{"line":58,"column":null}},"31":{"start":{"line":61,"column":16},"end":{"line":61,"column":null}},"32":{"start":{"line":63,"column":12},"end":{"line":63,"column":null}}},"fnMap":{"0":{"name":"handler","decl":{"start":{"line":14,"column":30},"end":{"line":14,"column":38}},"loc":{"start":{"line":14,"column":46},"end":{"line":65,"column":1}}}},"branchMap":{"0":{"loc":{"start":{"line":16,"column":4},"end":{"line":64,"column":null}},"type":"switch","locations":[{"start":{"line":17,"column":8},"end":{"line":33,"column":null}},{"start":{"line":34,"column":8},"end":{"line":63,"column":null}}]},"1":{"loc":{"start":{"line":20,"column":16},"end":{"line":29,"column":null}},"type":"if","locations":[{"start":{"line":20,"column":16},"end":{"line":29,"column":null}},{"start":{"line":25,"column":21},"end":{"line":29,"column":null}}]},"2":{"loc":{"start":{"line":25,"column":21},"end":{"line":29,"column":null}},"type":"if","locations":[{"start":{"line":25,"column":21},"end":{"line":29,"column":null}},{"start":{"line":27,"column":23},"end":{"line":29,"column":null}}]},"3":{"loc":{"start":{"line":49,"column":16},"end":{"line":53,"column":null}},"type":"if","locations":[{"start":{"line":49,"column":16},"end":{"line":53,"column":null}}]},"4":{"loc":{"start":{"line":55,"column":16},"end":{"line":59,"column":null}},"type":"if","locations":[{"start":{"line":55,"column":16},"end":{"line":59,"column":null}},{"start":{"line":57,"column":23},"end":{"line":59,"column":null}}]}},"s":{"0":0,"1":3,"2":1,"3":1,"4":1,"5":1,"6":1,"7":3,"8":3,"9":1,"10":1,"11":1,"12":0,"13":0,"14":0,"15":1,"16":1,"17":0,"18":0,"19":1,"20":2,"21":2,"22":2,"23":2,"24":1,"25":1,"26":1,"27":1,"28":1,"29":1,"30":0,"31":0,"32":1},"f":{"0":3},"b":{"0":[1,2],"1":[0,1],"2":[1,0],"3":[1],"4":[1,0]}}
,"C:\\Users\\Ares\\Desktop\\Projektarbeit\\blockevent\\nextjs-blog\\pages\\api\\users\\[id].js": {"path":"C:\\Users\\Ares\\Desktop\\Projektarbeit\\blockevent\\nextjs-blog\\pages\\api\\users\\[id].js","statementMap":{"0":{"start":{"line":5,"column":30},"end":{"line":5,"column":38}},"1":{"start":{"line":1,"column":44},"end":{"line":1,"column":null}},"2":{"start":{"line":2,"column":25},"end":{"line":2,"column":null}},"3":{"start":{"line":3,"column":10},"end":{"line":3,"column":null}},"4":{"start":{"line":6,"column":4},"end":{"line":6,"column":null}},"5":{"start":{"line":7,"column":19},"end":{"line":7,"column":null}},"6":{"start":{"line":8,"column":19},"end":{"line":10,"column":null}},"7":{"start":{"line":11,"column":21},"end":{"line":11,"column":null}},"8":{"start":{"line":13,"column":4},"end":{"line":80,"column":null}},"9":{"start":{"line":15,"column":12},"end":{"line":29,"column":null}},"10":{"start":{"line":16,"column":16},"end":{"line":20,"column":null}},"11":{"start":{"line":17,"column":39},"end":{"line":17,"column":null}},"12":{"start":{"line":18,"column":20},"end":{"line":18,"column":null}},"13":{"start":{"line":19,"column":20},"end":{"line":19,"column":null}},"14":{"start":{"line":21,"column":29},"end":{"line":21,"column":null}},"15":{"start":{"line":22,"column":16},"end":{"line":26,"column":null}},"16":{"start":{"line":23,"column":20},"end":{"line":23,"column":null}},"17":{"start":{"line":25,"column":20},"end":{"line":25,"column":null}},"18":{"start":{"line":28,"column":16},"end":{"line":28,"column":null}},"19":{"start":{"line":30,"column":12},"end":{"line":30,"column":null}},"20":{"start":{"line":32,"column":28},"end":{"line":42,"column":null}},"21":{"start":{"line":43,"column":12},"end":{"line":61,"column":null}},"22":{"start":{"line":44,"column":34},"end":{"line":44,"column":null}},"23":{"start":{"line":45,"column":16},"end":{"line":49,"column":null}},"24":{"start":{"line":46,"column":40},"end":{"line":46,"column":null}},"25":{"start":{"line":47,"column":20},"end":{"line":47,"column":null}},"26":{"start":{"line":48,"column":20},"end":{"line":48,"column":null}},"27":{"start":{"line":50,"column":16},"end":{"line":52,"column":null}},"28":{"start":{"line":51,"column":20},"end":{"line":51,"column":null}},"29":{"start":{"line":53,"column":36},"end":{"line":53,"column":null}},"30":{"start":{"line":54,"column":16},"end":{"line":58,"column":null}},"31":{"start":{"line":55,"column":20},"end":{"line":55,"column":null}},"32":{"start":{"line":57,"column":20},"end":{"line":57,"column":null}},"33":{"start":{"line":60,"column":16},"end":{"line":60,"column":null}},"34":{"start":{"line":62,"column":12},"end":{"line":62,"column":null}},"35":{"start":{"line":64,"column":12},"end":{"line":78,"column":null}},"36":{"start":{"line":65,"column":16},"end":{"line":69,"column":null}},"37":{"start":{"line":66,"column":39},"end":{"line":66,"column":null}},"38":{"start":{"line":67,"column":20},"end":{"line":67,"column":null}},"39":{"start":{"line":68,"column":20},"end":{"line":68,"column":null}},"40":{"start":{"line":70,"column":16},"end":{"line":75,"column":null}},"41":{"start":{"line":71,"column":20},"end":{"line":71,"column":null}},"42":{"start":{"line":72,"column":20},"end":{"line":72,"column":null}},"43":{"start":{"line":74,"column":20},"end":{"line":74,"column":null}},"44":{"start":{"line":77,"column":16},"end":{"line":77,"column":null}},"45":{"start":{"line":79,"column":12},"end":{"line":79,"column":null}}},"fnMap":{"0":{"name":"handler","decl":{"start":{"line":5,"column":30},"end":{"line":5,"column":38}},"loc":{"start":{"line":5,"column":46},"end":{"line":81,"column":null}}}},"branchMap":{"0":{"loc":{"start":{"line":13,"column":4},"end":{"line":80,"column":null}},"type":"switch","locations":[{"start":{"line":14,"column":8},"end":{"line":30,"column":null}},{"start":{"line":31,"column":8},"end":{"line":62,"column":null}},{"start":{"line":63,"column":8},"end":{"line":79,"column":null}}]},"1":{"loc":{"start":{"line":16,"column":16},"end":{"line":20,"column":null}},"type":"if","locations":[{"start":{"line":16,"column":16},"end":{"line":20,"column":null}}]},"2":{"loc":{"start":{"line":22,"column":16},"end":{"line":26,"column":null}},"type":"if","locations":[{"start":{"line":22,"column":16},"end":{"line":26,"column":null}},{"start":{"line":24,"column":23},"end":{"line":26,"column":null}}]},"3":{"loc":{"start":{"line":45,"column":16},"end":{"line":49,"column":null}},"type":"if","locations":[{"start":{"line":45,"column":16},"end":{"line":49,"column":null}}]},"4":{"loc":{"start":{"line":50,"column":16},"end":{"line":52,"column":null}},"type":"if","locations":[{"start":{"line":50,"column":16},"end":{"line":52,"column":null}}]},"5":{"loc":{"start":{"line":54,"column":16},"end":{"line":58,"column":null}},"type":"if","locations":[{"start":{"line":54,"column":16},"end":{"line":58,"column":null}},{"start":{"line":56,"column":23},"end":{"line":58,"column":null}}]},"6":{"loc":{"start":{"line":65,"column":16},"end":{"line":69,"column":null}},"type":"if","locations":[{"start":{"line":65,"column":16},"end":{"line":69,"column":null}}]}},"s":{"0":3,"1":1,"2":1,"3":1,"4":3,"5":3,"6":3,"7":3,"8":3,"9":1,"10":1,"11":0,"12":0,"13":0,"14":1,"15":1,"16":1,"17":0,"18":0,"19":1,"20":1,"21":1,"22":1,"23":1,"24":0,"25":0,"26":0,"27":1,"28":0,"29":1,"30":1,"31":1,"32":0,"33":0,"34":1,"35":1,"36":1,"37":0,"38":0,"39":0,"40":1,"41":1,"42":1,"43":1,"44":0,"45":1},"f":{"0":3},"b":{"0":[1,1,1],"1":[0],"2":[1,0],"3":[0],"4":[0],"5":[1,0],"6":[0]}}
,"C:\\Users\\Ares\\Desktop\\Projektarbeit\\blockevent\\nextjs-blog\\pages\\api\\users\\index.js": {"path":"C:\\Users\\Ares\\Desktop\\Projektarbeit\\blockevent\\nextjs-blog\\pages\\api\\users\\index.js","statementMap":{"0":{"start":{"line":5,"column":30},"end":{"line":5,"column":38}},"1":{"start":{"line":1,"column":45},"end":{"line":1,"column":null}},"2":{"start":{"line":2,"column":25},"end":{"line":2,"column":null}},"3":{"start":{"line":3,"column":10},"end":{"line":3,"column":null}},"4":{"start":{"line":6,"column":4},"end":{"line":6,"column":null}},"5":{"start":{"line":7,"column":4},"end":{"line":47,"column":null}},"6":{"start":{"line":9,"column":12},"end":{"line":18,"column":null}},"7":{"start":{"line":10,"column":30},"end":{"line":10,"column":null}},"8":{"start":{"line":11,"column":16},"end":{"line":15,"column":null}},"9":{"start":{"line":12,"column":20},"end":{"line":12,"column":null}},"10":{"start":{"line":14,"column":20},"end":{"line":14,"column":null}},"11":{"start":{"line":17,"column":16},"end":{"line":17,"column":null}},"12":{"start":{"line":19,"column":12},"end":{"line":19,"column":null}},"13":{"start":{"line":21,"column":27},"end":{"line":29,"column":null}},"14":{"start":{"line":30,"column":12},"end":{"line":45,"column":null}},"15":{"start":{"line":31,"column":33},"end":{"line":31,"column":null}},"16":{"start":{"line":32,"column":16},"end":{"line":42,"column":null}},"17":{"start":{"line":33,"column":37},"end":{"line":33,"column":null}},"18":{"start":{"line":34,"column":20},"end":{"line":34,"column":null}},"19":{"start":{"line":36,"column":36},"end":{"line":36,"column":null}},"20":{"start":{"line":37,"column":20},"end":{"line":41,"column":null}},"21":{"start":{"line":38,"column":20},"end":{"line":38,"column":null}},"22":{"start":{"line":40,"column":20},"end":{"line":40,"column":null}},"23":{"start":{"line":44,"column":16},"end":{"line":44,"column":null}},"24":{"start":{"line":46,"column":12},"end":{"line":46,"column":null}}},"fnMap":{"0":{"name":"handler","decl":{"start":{"line":5,"column":30},"end":{"line":5,"column":38}},"loc":{"start":{"line":5,"column":46},"end":{"line":48,"column":null}}}},"branchMap":{"0":{"loc":{"start":{"line":7,"column":4},"end":{"line":47,"column":null}},"type":"switch","locations":[{"start":{"line":8,"column":8},"end":{"line":19,"column":null}},{"start":{"line":20,"column":8},"end":{"line":46,"column":null}}]},"1":{"loc":{"start":{"line":11,"column":16},"end":{"line":15,"column":null}},"type":"if","locations":[{"start":{"line":11,"column":16},"end":{"line":15,"column":null}},{"start":{"line":13,"column":23},"end":{"line":15,"column":null}}]},"2":{"loc":{"start":{"line":32,"column":16},"end":{"line":42,"column":null}},"type":"if","locations":[{"start":{"line":32,"column":16},"end":{"line":42,"column":null}},{"start":{"line":35,"column":21},"end":{"line":42,"column":null}}]},"3":{"loc":{"start":{"line":37,"column":20},"end":{"line":41,"column":null}},"type":"if","locations":[{"start":{"line":37,"column":20},"end":{"line":41,"column":null}},{"start":{"line":39,"column":27},"end":{"line":41,"column":null}}]}},"s":{"0":2,"1":1,"2":1,"3":1,"4":2,"5":2,"6":1,"7":1,"8":1,"9":1,"10":0,"11":0,"12":1,"13":1,"14":1,"15":1,"16":1,"17":0,"18":0,"19":1,"20":1,"21":1,"22":0,"23":0,"24":1},"f":{"0":2},"b":{"0":[1,1],"1":[1,0],"2":[0,1],"3":[1,0]}}
}
