TN:
SF:backend\endpoints\events\eventModel.js
FNF:0
FNH:0
DA:3,1
DA:5,1
DA:20,1
DA:21,1
LF:4
LH:4
BRDA:20,0,0,1
BRDA:20,0,1,1
BRF:2
BRH:2
end_of_record
TN:
SF:backend\endpoints\events\eventService.js
FN:7,getEvent
FN:30,getEvents
FN:37,(anonymous_2)
FN:54,createEvent
FN:101,updateEvent
FN:140,deleteEvent
FNF:6
FNH:6
FNDA:1,getEvent
FNDA:1,getEvents
FNDA:21,(anonymous_2)
FNDA:1,createEvent
FNDA:1,updateEvent
FNDA:1,deleteEvent
DA:1,1
DA:2,1
DA:3,1
DA:4,1
DA:5,1
DA:8,1
DA:11,1
DA:12,0
DA:14,1
DA:31,1
DA:32,1
DA:33,1
DA:34,0
DA:36,1
DA:37,1
DA:38,21
DA:39,21
DA:40,21
DA:46,21
DA:48,1
DA:50,0
DA:55,1
DA:56,1
DA:57,1
DA:58,0
DA:60,1
DA:73,1
DA:76,1
DA:89,0
DA:90,0
DA:91,0
DA:92,0
DA:93,0
DA:94,0
DA:96,0
DA:102,1
DA:103,0
DA:105,1
DA:106,1
DA:108,1
DA:109,1
DA:110,0
DA:112,1
DA:113,0
DA:114,0
DA:116,0
DA:119,1
DA:120,0
DA:123,1
DA:135,1
DA:136,1
DA:137,1
DA:141,1
DA:142,1
DA:143,0
DA:145,1
DA:146,0
DA:149,1
DA:152,1
LF:59
LH:40
BRDA:11,0,0,0
BRDA:33,1,0,0
BRDA:57,2,0,0
BRDA:89,3,0,0
BRDA:89,3,1,0
BRDA:89,4,0,0
BRDA:89,4,1,0
BRDA:89,4,2,0
BRDA:93,5,0,0
BRDA:93,5,1,0
BRDA:102,6,0,0
BRDA:105,7,0,1
BRDA:109,8,0,0
BRDA:112,9,0,0
BRDA:119,10,0,0
BRDA:142,11,0,0
BRDA:145,12,0,0
BRF:17
BRH:1
end_of_record
TN:
SF:backend\endpoints\images\imageModel.js
FNF:0
FNH:0
DA:1,1
DA:3,1
DA:8,1
DA:9,1
LF:4
LH:4
BRDA:8,0,0,1
BRDA:8,0,1,1
BRF:2
BRH:2
end_of_record
TN:
SF:backend\endpoints\images\imageService.js
FN:3,getImage
FN:12,createImage
FNF:2
FNH:0
FNDA:0,getImage
FNDA:0,createImage
DA:1,1
DA:4,0
DA:5,0
DA:6,0
DA:8,0
DA:13,0
DA:14,0
DA:16,0
DA:17,0
DA:18,0
DA:19,0
DA:20,0
DA:21,0
DA:23,0
DA:28,1
LF:15
LH:2
BRDA:16,0,0,0
BRDA:16,0,1,0
BRDA:16,1,0,0
BRDA:16,1,1,0
BRDA:16,1,2,0
BRDA:20,2,0,0
BRDA:20,2,1,0
BRF:7
BRH:0
end_of_record
TN:
SF:backend\endpoints\users\userModel.js
FN:19,(anonymous_0)
FN:32,(anonymous_1)
FNF:2
FNH:1
FNDA:2,(anonymous_0)
FNDA:0,(anonymous_1)
DA:3,1
DA:4,1
DA:6,1
DA:19,1
DA:20,2
DA:21,2
DA:22,1
DA:24,1
DA:25,1
DA:26,1
DA:28,0
DA:32,1
DA:33,0
DA:34,0
DA:35,0
DA:37,0
DA:41,1
DA:42,1
LF:18
LH:13
BRDA:21,0,0,1
BRDA:41,1,0,1
BRDA:41,1,1,1
BRF:3
BRH:3
end_of_record
TN:
SF:backend\endpoints\users\userService.js
FN:5,getUser
FN:23,getUsers
FN:30,(anonymous_2)
FN:42,createUser
FN:77,updateUser
FN:100,deleteUser
FNF:6
FNH:6
FNDA:1,getUser
FNDA:1,getUsers
FNDA:8,(anonymous_2)
FNDA:1,createUser
FNDA:1,updateUser
FNDA:1,deleteUser
DA:1,1
DA:2,1
DA:3,1
DA:6,1
DA:7,1
DA:8,0
DA:10,1
DA:24,1
DA:25,1
DA:26,1
DA:27,0
DA:29,1
DA:30,1
DA:31,8
DA:32,8
DA:33,8
DA:35,1
DA:38,0
DA:43,1
DA:44,1
DA:46,1
DA:55,1
DA:65,0
DA:66,0
DA:67,0
DA:68,0
DA:69,0
DA:70,0
DA:72,0
DA:78,1
DA:79,0
DA:81,1
DA:82,0
DA:84,1
DA:85,1
DA:86,1
DA:87,0
DA:89,1
DA:101,1
DA:102,1
DA:103,0
DA:105,1
DA:108,1
LF:43
LH:29
BRDA:7,0,0,0
BRDA:26,1,0,0
BRDA:65,2,0,0
BRDA:65,2,1,0
BRDA:65,3,0,0
BRDA:65,3,1,0
BRDA:65,3,2,0
BRDA:69,4,0,0
BRDA:69,4,1,0
BRDA:78,5,0,0
BRDA:81,6,0,0
BRDA:86,7,0,0
BRDA:102,8,0,0
BRF:13
BRH:0
end_of_record
TN:
SF:backend\utils\connectMongo.js
FN:11,connectMongo
FN:25,closeMongo
FN:30,clearMongo
FNF:3
FNH:2
FNDA:11,connectMongo
FNDA:2,closeMongo
FNDA:0,clearMongo
DA:2,2
DA:3,2
DA:4,2
DA:6,2
DA:7,2
DA:9,2
DA:13,11
DA:14,11
DA:18,11
DA:20,0
DA:26,2
DA:32,0
DA:33,0
DA:34,0
DA:38,2
LF:15
LH:11
BRDA:13,0,0,11
BRDA:13,0,1,0
BRF:2
BRH:1
end_of_record
TN:
SF:backend\utils\createMockEvents.js
FN:5,createMockEvents
FNF:1
FNH:0
FNDA:0,createMockEvents
DA:1,1
DA:2,1
DA:5,1
DA:6,0
DA:7,0
DA:8,0
DA:10,0
DA:12,0
LF:8
LH:3
BRF:0
BRH:0
end_of_record
TN:
SF:backend\utils\dateToString.js
FN:1,dateAndTimeToString
FN:5,dateToString
FN:27,dateToDashString
FN:43,convertDateTime
FNF:4
FNH:2
FNDA:52,dateAndTimeToString
FNDA:53,dateToString
FNDA:0,dateToDashString
FNDA:0,convertDateTime
DA:2,52
DA:6,53
DA:7,53
DA:8,53
DA:9,53
DA:12,53
DA:13,35
DA:16,53
DA:17,50
DA:19,53
DA:21,2
DA:28,0
DA:29,0
DA:30,0
DA:31,0
DA:33,0
DA:34,0
DA:37,0
DA:38,0
DA:40,0
DA:45,0
DA:48,0
DA:49,0
DA:50,0
DA:51,0
DA:52,0
DA:55,0
DA:57,0
DA:60,2
LF:29
LH:12
BRDA:12,0,0,35
BRDA:16,1,0,50
BRDA:33,2,0,0
BRDA:37,3,0,0
BRF:4
BRH:2
end_of_record
TN:
SF:pages\api\events\[id].js
FN:5,handler
FNF:1
FNH:1
FNDA:3,handler
DA:1,1
DA:2,1
DA:3,1
DA:5,3
DA:6,3
DA:7,3
DA:8,3
DA:11,3
DA:13,3
DA:15,1
DA:16,1
DA:17,0
DA:18,0
DA:19,0
DA:21,1
DA:22,1
DA:23,1
DA:25,0
DA:28,0
DA:30,1
DA:32,1
DA:33,0
DA:34,0
DA:35,0
DA:37,1
DA:50,1
DA:51,1
DA:52,1
DA:53,0
DA:54,0
DA:55,0
DA:57,1
DA:58,0
DA:60,1
DA:61,1
DA:62,1
DA:63,1
DA:65,0
DA:68,0
DA:70,1
DA:72,1
DA:73,1
DA:74,0
DA:75,0
DA:76,0
DA:78,1
DA:79,1
DA:81,1
DA:83,1
LF:49
LH:32
BRDA:13,0,0,1
BRDA:13,0,1,1
BRDA:13,0,2,1
BRDA:16,1,0,0
BRDA:22,2,0,1
BRDA:22,2,1,0
BRDA:32,3,0,0
BRDA:52,4,0,0
BRDA:57,5,0,0
BRDA:62,6,0,1
BRDA:62,6,1,0
BRDA:73,7,0,0
BRF:12
BRH:5
end_of_record
TN:
SF:pages\api\events\index.js
FN:14,handler
FNF:1
FNH:1
FNDA:3,handler
DA:1,1
DA:2,1
DA:3,1
DA:4,1
DA:6,1
DA:14,3
DA:15,3
DA:16,3
DA:18,1
DA:19,1
DA:20,1
DA:21,1
DA:22,0
DA:23,0
DA:24,0
DA:26,1
DA:27,1
DA:29,0
DA:32,0
DA:33,0
DA:35,1
DA:37,2
DA:49,2
DA:50,2
DA:51,2
DA:52,1
DA:53,1
DA:54,1
DA:56,1
DA:57,1
DA:58,1
DA:60,0
DA:63,0
DA:65,1
LF:34
LH:26
BRDA:16,0,0,1
BRDA:16,0,1,2
BRDA:21,1,0,0
BRDA:21,1,1,1
BRDA:26,2,0,1
BRDA:26,2,1,0
BRDA:51,3,0,1
BRDA:57,4,0,1
BRDA:57,4,1,0
BRF:9
BRH:6
end_of_record
TN:
SF:pages\api\users\[id].js
FN:5,handler
FNF:1
FNH:1
FNDA:3,handler
DA:1,1
DA:2,1
DA:3,1
DA:5,3
DA:6,3
DA:7,3
DA:8,3
DA:11,3
DA:13,3
DA:15,1
DA:16,1
DA:17,0
DA:18,0
DA:19,0
DA:21,1
DA:22,1
DA:23,1
DA:25,0
DA:28,0
DA:30,1
DA:32,1
DA:43,1
DA:44,1
DA:45,1
DA:46,0
DA:47,0
DA:48,0
DA:50,1
DA:51,0
DA:53,1
DA:54,1
DA:55,1
DA:57,0
DA:60,0
DA:62,1
DA:64,1
DA:65,1
DA:66,0
DA:67,0
DA:68,0
DA:70,1
DA:71,1
DA:72,1
DA:74,1
DA:77,0
DA:79,1
LF:46
LH:31
BRDA:13,0,0,1
BRDA:13,0,1,1
BRDA:13,0,2,1
BRDA:16,1,0,0
BRDA:22,2,0,1
BRDA:22,2,1,0
BRDA:45,3,0,0
BRDA:50,4,0,0
BRDA:54,5,0,1
BRDA:54,5,1,0
BRDA:65,6,0,0
BRF:11
BRH:5
end_of_record
TN:
SF:pages\api\users\index.js
FN:5,handler
FNF:1
FNH:1
FNDA:2,handler
DA:1,1
DA:2,1
DA:3,1
DA:5,2
DA:6,2
DA:7,2
DA:9,1
DA:10,1
DA:11,1
DA:12,1
DA:14,0
DA:17,0
DA:19,1
DA:21,1
DA:30,1
DA:31,1
DA:32,1
DA:33,0
DA:34,0
DA:36,1
DA:37,1
DA:38,1
DA:40,0
DA:44,0
DA:46,1
LF:25
LH:19
BRDA:7,0,0,1
BRDA:7,0,1,1
BRDA:11,1,0,1
BRDA:11,1,1,0
BRDA:32,2,0,0
BRDA:32,2,1,1
BRDA:37,3,0,1
BRDA:37,3,1,0
BRF:8
BRH:5
end_of_record
